[10:06:28.531][INFO][CraftTweaker-EarlyInit]: CraftTweaker is running on a Minecraft 1.21.1 production client modded with platform NeoForge
[10:06:28.642][INFO][CraftTweaker-EarlyInit]: Successfully injected RecipeFS file system
[10:06:28.672][INFO][CraftTweaker-Plugins]: Successfully identified and loaded plugin mekanism:crt_plugin
[10:06:28.675][INFO][CraftTweaker-Plugins]: Successfully identified and loaded plugin crafttweaker:neoforge
[10:06:28.678][INFO][CraftTweaker-Plugins]: Successfully identified and loaded plugin crafttweaker:common
[10:06:28.704][INFO][CraftTweaker-Plugins]: Successfully identified and loaded plugin crafttweaker:compatibility
[10:06:29.982][INFO][CraftTweaker]: The following mods have explicit CraftTweaker support, provided through the CraftTweaker compatibility plugin:
[10:06:29.984][INFO][CraftTweaker]: - 'crafttweaker' version '21.0.34', supporting mods vanilla
[10:06:29.984][INFO][CraftTweaker]: - 'mekanism' version '10.7.17'
[10:06:33.673][INFO][CraftTweaker-ZenCode]: Started loading scripts for loader 'mekanismcontent'
[10:06:33.922][INFO][CraftTweaker-ZenCode]: Compiling and executing scripts
[10:06:34.563][INFO][CraftTweaker-ZenCode]: Successfully initialized modules [mods, vanilla/api/network/NetworkContext, vanilla/api/network/NetworkReceiver, crafttweaker, expansions]
[10:06:34.680][INFO][CraftTweaker-ZenCode]: Execution for loader 'mekanismcontent' completed successfully
[10:06:34.680][INFO][Mekanism]: Registering 0 custom chemicals.
[10:06:37.131][INFO][CraftTweaker-ZenCode]: Started loading scripts for loader 'initialize'
[10:06:37.171][INFO][CraftTweaker-ZenCode]: Compiling and executing scripts
[10:06:37.173][INFO][CraftTweaker-ZenCode]: Successfully initialized modules [crafttweaker, expansions]
[10:06:37.190][INFO][CraftTweaker-ZenCode]: Execution for loader 'initialize' completed successfully
[10:06:54.693][INFO][CraftTweaker-ZenCode]: Started loading scripts for loader 'tags'
[10:06:54.726][INFO][CraftTweaker-ZenCode]: Compiling and executing scripts
[10:06:54.734][INFO][CraftTweaker-ZenCode]: Successfully initialized modules [crafttweaker, expansions]
[10:06:54.752][INFO][CraftTweaker-ZenCode]: Execution for loader 'tags' completed successfully
[10:06:55.609][INFO][CraftTweaker]: CraftTweaker reload starting!
[10:06:55.616][INFO][CraftTweaker-ZenCode]: Started loading scripts for loader 'crafttweaker'
[10:06:55.631][INFO][CraftTweaker-ZenCode]: Compiling and executing scripts
[10:06:55.756][INFO][CraftTweaker-ZenCode]: Successfully initialized modules [mods, vanilla/api/network/NetworkContext, vanilla/api/network/NetworkReceiver, crafttweaker, expansions]
[10:06:55.757][INFO][CraftTweaker-ZenCode]: Loading file 'advancments.zs' with priority 0
[10:06:55.757][INFO][CraftTweaker-ZenCode]: Loading file 'script.zs' with priority 0
[10:06:55.768][INFO][CraftTweaker-ZenCode]: Execution for loader 'crafttweaker' completed successfully
[10:06:55.771][INFO][CraftTweaker]: CraftTweaker reload complete!
[10:06:55.772][INFO][CraftTweaker]: This reload was made possible by Ncc1702 and more! Become a patron at https://patreon.com/jaredlll08?s=crtmod
[10:07:21.728][INFO][CraftTweaker-ZenCode]: Started loading scripts for loader 'tags'
[10:07:21.728][INFO][CraftTweaker-ZenCode]: Undoing previous actions
[10:07:21.837][INFO][CraftTweaker-ZenCode]: Compiling and executing scripts
[10:07:21.860][INFO][CraftTweaker-ZenCode]: Successfully initialized modules [crafttweaker, expansions]
[10:07:21.895][INFO][CraftTweaker-ZenCode]: Execution for loader 'tags' completed successfully
[10:07:22.535][INFO][CraftTweaker-ZenCode]: Started loading scripts for loader 'crafttweaker'
[10:07:22.536][INFO][CraftTweaker-ZenCode]: Undoing previous actions
[10:07:22.576][INFO][CraftTweaker-ZenCode]: Compiling and executing scripts
[10:07:22.893][INFO][CraftTweaker-ZenCode]: Successfully initialized modules [mods, vanilla/api/network/NetworkContext, vanilla/api/network/NetworkReceiver, crafttweaker, expansions]
[10:07:22.893][INFO][CraftTweaker-ZenCode]: Loading file 'advancments.zs' with priority 0
[10:07:22.893][INFO][CraftTweaker-ZenCode]: Loading file 'script.zs' with priority 0
[10:07:22.910][INFO][CraftTweaker-ZenCode]: Execution for loader 'crafttweaker' completed successfully
[10:07:22.912][INFO][CraftTweaker]: This reload was made possible by Spencer Gilbert and more! Become a patron at https://patreon.com/jaredlll08?s=crtmod
[10:12:34.247][INFO][CraftTweaker-ZenCode]: Started loading scripts for loader 'tags'
[10:12:34.248][INFO][CraftTweaker-ZenCode]: Undoing previous actions
[10:12:34.343][INFO][CraftTweaker-ZenCode]: Compiling and executing scripts
[10:12:34.371][INFO][CraftTweaker-ZenCode]: Successfully initialized modules [crafttweaker, expansions]
[10:12:34.435][INFO][CraftTweaker-ZenCode]: Execution for loader 'tags' completed successfully
[10:12:35.191][INFO][CraftTweaker-ZenCode]: Started loading scripts for loader 'crafttweaker'
[10:12:35.191][INFO][CraftTweaker-ZenCode]: Undoing previous actions
[10:12:35.237][INFO][CraftTweaker-ZenCode]: Compiling and executing scripts
[10:12:35.674][INFO][CraftTweaker-ZenCode]: Successfully initialized modules [mods, vanilla/api/network/NetworkContext, vanilla/api/network/NetworkReceiver, crafttweaker, expansions]
[10:12:35.674][INFO][CraftTweaker-ZenCode]: Loading file 'advancments.zs' with priority 0
[10:12:35.674][INFO][CraftTweaker-ZenCode]: Loading file 'script.zs' with priority 0
[10:12:35.700][INFO][CraftTweaker-ZenCode]: Execution for loader 'crafttweaker' completed successfully
[10:12:35.702][INFO][CraftTweaker]: This reload was made possible by Zuniroa and more! Become a patron at https://patreon.com/jaredlll08?s=crtmod
[10:17:36.579][INFO][CraftTweaker-ZenCode]: Started loading scripts for loader 'tags'
[10:17:36.579][INFO][CraftTweaker-ZenCode]: Undoing previous actions
[10:17:36.678][INFO][CraftTweaker-ZenCode]: Compiling and executing scripts
[10:17:36.710][INFO][CraftTweaker-ZenCode]: Successfully initialized modules [crafttweaker, expansions]
[10:17:36.765][INFO][CraftTweaker-ZenCode]: Execution for loader 'tags' completed successfully
[10:17:37.655][INFO][CraftTweaker-ZenCode]: Started loading scripts for loader 'crafttweaker'
[10:17:37.656][INFO][CraftTweaker-ZenCode]: Undoing previous actions
[10:17:37.703][INFO][CraftTweaker-ZenCode]: Compiling and executing scripts
[10:17:38.111][INFO][CraftTweaker-ZenCode]: Successfully initialized modules [mods, vanilla/api/network/NetworkContext, vanilla/api/network/NetworkReceiver, crafttweaker, expansions]
[10:17:38.111][INFO][CraftTweaker-ZenCode]: Loading file 'advancments.zs' with priority 0
[10:17:38.111][INFO][CraftTweaker-ZenCode]: Loading file 'script.zs' with priority 0
[10:17:38.142][INFO][CraftTweaker-ZenCode]: Execution for loader 'crafttweaker' completed successfully
[10:17:38.144][INFO][CraftTweaker]: This reload was made possible by Ivy_ and more! Become a patron at https://patreon.com/jaredlll08?s=crtmod
[10:36:23.243][INFO][CraftTweaker-ZenCode]: Started loading scripts for loader 'tags'
[10:36:23.244][INFO][CraftTweaker-ZenCode]: Undoing previous actions
[10:36:23.348][INFO][CraftTweaker-ZenCode]: Compiling and executing scripts
[10:36:23.382][INFO][CraftTweaker-ZenCode]: Successfully initialized modules [crafttweaker, expansions]
[10:36:23.460][INFO][CraftTweaker-ZenCode]: Execution for loader 'tags' completed successfully
[10:36:24.296][INFO][CraftTweaker-ZenCode]: Started loading scripts for loader 'crafttweaker'
[10:36:24.297][INFO][CraftTweaker-ZenCode]: Undoing previous actions
[10:36:24.336][INFO][CraftTweaker-ZenCode]: Compiling and executing scripts
[10:36:24.645][INFO][CraftTweaker-ZenCode]: Successfully initialized modules [mods, vanilla/api/network/NetworkContext, vanilla/api/network/NetworkReceiver, crafttweaker, expansions]
[10:36:24.645][INFO][CraftTweaker-ZenCode]: Loading file 'advancments.zs' with priority 0
[10:36:24.645][INFO][CraftTweaker-ZenCode]: Loading file 'script.zs' with priority 0
[10:36:24.671][INFO][CraftTweaker-ZenCode]: Execution for loader 'crafttweaker' completed successfully
[10:36:24.673][INFO][CraftTweaker]: This reload was made possible by Zuniroa and more! Become a patron at https://patreon.com/jaredlll08?s=crtmod
